{"ts":1745581156212,"action":"PROJECT_OPENED","tags":{"PROJECT_NAME":"Sports"}}
{"ts":1745581192651,"action":"IDE_DEACTIVATED"}
{"ts":1745581274250,"action":"IDE_ACTIVATED"}
{"ts":1745581281532,"action":"IDE_DEACTIVATED"}
{"ts":1745581289116,"action":"IDE_ACTIVATED"}
{"ts":1745581295748,"action":"IDE_DEACTIVATED"}
{"ts":1745581307045,"action":"IDE_ACTIVATED"}
{"ts":1745581311302,"action":"IDE_DEACTIVATED"}
{"ts":1745581312920,"action":"IDE_ACTIVATED"}
{"ts":1745581332949,"action":"IDE_DEACTIVATED"}
{"ts":1745581348603,"action":"IDE_ACTIVATED"}
{"ts":1745581358590,"action":"IDE_DEACTIVATED"}
{"ts":1745581367054,"action":"IDE_ACTIVATED"}
{"ts":1745581372704,"action":"IDE_DEACTIVATED"}
{"ts":1745581416074,"action":"IDE_ACTIVATED"}
{"ts":1745581426234,"action":"IDE_DEACTIVATED"}
{"ts":1745581436580,"action":"IDE_ACTIVATED"}
{"ts":1745581446036,"action":"IDE_DEACTIVATED"}
{"ts":1745581460286,"action":"IDE_ACTIVATED"}
{"ts":1745581482705,"action":"IDE_DEACTIVATED"}
{"ts":1745581488971,"action":"IDE_ACTIVATED"}
{"ts":1745581495458,"action":"IDE_DEACTIVATED"}
{"ts":1745581503288,"action":"IDE_ACTIVATED"}
{"ts":1745581525788,"action":"IDE_DEACTIVATED"}
{"ts":1745581533556,"action":"IDE_ACTIVATED"}
{"ts":1745581537668,"action":"IDE_DEACTIVATED"}
{"ts":1745581556454,"action":"IDE_ACTIVATED"}
{"ts":1745581586800,"action":"IDE_DEACTIVATED"}
{"ts":1745581617906,"action":"IDE_ACTIVATED"}
{"ts":1745581621898,"action":"IDE_DEACTIVATED"}
{"ts":1745581627518,"action":"IDE_ACTIVATED"}
{"ts":1745581666322,"action":"IDE_DEACTIVATED"}
{"ts":1745581688770,"action":"IDE_ACTIVATED"}
{"ts":1745581691834,"action":"IDE_DEACTIVATED"}
{"ts":1745581749943,"action":"IDE_ACTIVATED"}
{"ts":1745581761223,"action":"IDE_DEACTIVATED"}
{"ts":1745581763899,"action":"IDE_ACTIVATED"}
{"ts":1745581766723,"action":"IDE_DEACTIVATED"}
{"ts":1745581796987,"action":"IDE_ACTIVATED"}
{"ts":1745581805964,"action":"IDE_DEACTIVATED"}
{"ts":1745581811895,"action":"IDE_ACTIVATED"}
{"ts":1745581853344,"action":"IDE_DEACTIVATED"}
{"ts":1745581860033,"action":"IDE_ACTIVATED"}
{"ts":1745581868135,"action":"IDE_DEACTIVATED"}
{"ts":1745581871518,"action":"IDE_ACTIVATED"}
{"ts":1745581878738,"action":"IDE_DEACTIVATED"}
{"ts":1745581884869,"action":"IDE_ACTIVATED"}
{"ts":1745581891162,"action":"IDE_DEACTIVATED"}
{"ts":1745581893754,"action":"IDE_ACTIVATED"}
{"ts":1745581896234,"action":"IDE_DEACTIVATED"}
{"ts":1745581898671,"action":"IDE_ACTIVATED"}
{"ts":1745581919210,"action":"IDE_DEACTIVATED"}
{"ts":1745581926155,"action":"IDE_ACTIVATED"}
{"ts":1745581935483,"action":"IDE_DEACTIVATED"}
{"ts":1745581971213,"action":"IDE_ACTIVATED"}
{"ts":1745581981159,"action":"IDE_DEACTIVATED"}
{"ts":1745582010301,"action":"IDE_ACTIVATED"}
{"ts":1745582030206,"action":"IDE_DEACTIVATED"}
{"ts":1745582457895,"action":"IDE_ACTIVATED"}
{"ts":1745582461623,"action":"IDE_DEACTIVATED"}
{"ts":1745583299396,"action":"IDE_ACTIVATED"}
{"ts":1745583303507,"action":"IDE_DEACTIVATED"}
{"ts":1745584093486,"action":"IDE_ACTIVATED"}
{"ts":1745584100841,"action":"IDE_DEACTIVATED"}
{"ts":1745584103089,"action":"IDE_ACTIVATED"}
{"ts":1745584104182,"action":"IDE_DEACTIVATED"}
{"ts":1745584129374,"action":"IDE_ACTIVATED"}
{"ts":1745584157655,"action":"IDE_DEACTIVATED"}
{"ts":1745584332539,"action":"IDE_ACTIVATED"}
{"ts":1745584491034,"action":"IDE_ACTIVATED"}
{"ts":1745584494982,"action":"IDE_DEACTIVATED"}
{"ts":1745584503292,"action":"IDE_ACTIVATED"}
{"ts":1745584505034,"action":"IDE_DEACTIVATED"}
{"ts":1745584507628,"action":"IDE_ACTIVATED"}
{"ts":1745584509414,"action":"IDE_DEACTIVATED"}
{"ts":1745584510253,"action":"IDE_ACTIVATED"}
{"ts":1745584513052,"action":"IDE_DEACTIVATED"}
{"ts":1745584516369,"action":"IDE_ACTIVATED"}
{"ts":1745584518479,"action":"IDE_DEACTIVATED"}
{"ts":1745584520480,"action":"IDE_ACTIVATED"}
{"ts":1745584528979,"action":"FILE_CLOSED","file":"/app/src/main/java/com/example/sports/MainActivity.java","tags":{"FILE_LINE_OF_CODE":"62"}}
{"ts":1745584532168,"action":"IDE_DEACTIVATED"}
{"ts":1745584536139,"action":"IDE_ACTIVATED"}
{"ts":1745584538187,"action":"IDE_DEACTIVATED"}
{"ts":1745584541635,"action":"IDE_ACTIVATED"}
{"ts":1745584543446,"action":"IDE_DEACTIVATED"}
{"ts":1745584550477,"action":"IDE_ACTIVATED"}
{"ts":1745584561745,"action":"FILE_OPENED","file":"/app/src/main/java/com/example/sports/MainActivity.java","tags":{"FILE_LINE_OF_CODE":"62"}}
{"ts":1745584593585,"action":"IDE_DEACTIVATED"}
{"ts":1745584596536,"action":"IDE_ACTIVATED"}
{"ts":1745584599402,"action":"IDE_DEACTIVATED"}
{"ts":1745584601721,"action":"IDE_ACTIVATED"}
{"ts":1745584603366,"action":"IDE_DEACTIVATED"}
{"ts":1745584624057,"action":"IDE_ACTIVATED"}
{"ts":1745584624705,"action":"IDE_DEACTIVATED"}
{"ts":1745584626066,"action":"IDE_ACTIVATED"}
{"ts":1745584631214,"action":"IDE_DEACTIVATED"}
{"ts":1745584644412,"action":"IDE_ACTIVATED"}
{"ts":1745584659383,"action":"IDE_DEACTIVATED"}
{"ts":1745584662467,"action":"IDE_ACTIVATED"}
{"ts":1745584664488,"action":"IDE_DEACTIVATED"}
{"ts":1745584669506,"action":"IDE_ACTIVATED"}
{"ts":1745584673320,"action":"FILE_CLOSED","file":"/app/src/main/java/com/example/sports/MainActivity.java","tags":{"FILE_LINE_OF_CODE":"62"}}
{"ts":1745584673359,"action":"FILE_OPENED","file":"/app/build.gradle.kts","tags":{"FILE_LINE_OF_CODE":"43"}}
{"ts":1745584695695,"action":"IDE_DEACTIVATED"}
{"ts":1745584700145,"action":"IDE_ACTIVATED"}
{"ts":1745584795733,"action":"IDE_DEACTIVATED"}
{"ts":1745585011448,"action":"IDE_ACTIVATED"}
